\BOOKMARK [1][-]{section.1}{\376\377\000P\000l\000a\000n\000a\000r\000\040\000G\000r\000o\000u\000p\000s}{}% 1
\BOOKMARK [2][-]{subsection.1.1}{\376\377\000G\000r\000o\000u\000p\000\040\0001}{section.1}% 2
\BOOKMARK [3][-]{subsubsection.1.1.1}{\376\377\000D\000i\000l\000a\000t\000i\000o\000n}{subsection.1.1}% 3
\BOOKMARK [3][-]{subsubsection.1.1.2}{\376\377\000S\000e\000l\000f\000-\000r\000e\000p\000l\000i\000c\000a\000t\000i\000n\000g\000\040\000d\000e\000g\000r\000e\000e\000s\000.}{subsection.1.1}% 4
\BOOKMARK [2][-]{subsection.1.2}{\376\377\000G\000r\000o\000u\000p\000\040\0002}{section.1}% 5
\BOOKMARK [3][-]{subsubsection.1.2.1}{\376\377\000D\000i\000l\000a\000t\000i\000o\000n}{subsection.1.2}% 6
\BOOKMARK [3][-]{subsubsection.1.2.2}{\376\377\000S\000e\000l\000f\000-\000r\000e\000p\000l\000i\000c\000a\000t\000i\000n\000g\000\040\000d\000e\000g\000r\000e\000e\000s\000.}{subsection.1.2}% 7
\BOOKMARK [2][-]{subsection.1.3}{\376\377\000G\000r\000o\000u\000p\000\040\0003}{section.1}% 8
\BOOKMARK [3][-]{subsubsection.1.3.1}{\376\377\000D\000i\000l\000a\000t\000i\000o\000n}{subsection.1.3}% 9
\BOOKMARK [3][-]{subsubsection.1.3.2}{\376\377\000S\000e\000l\000f\000-\000r\000e\000p\000l\000i\000c\000a\000t\000i\000n\000g\000\040\000d\000e\000g\000r\000e\000e\000s\000.}{subsection.1.3}% 10
\BOOKMARK [2][-]{subsection.1.4}{\376\377\000G\000r\000o\000u\000p\000\040\0004}{section.1}% 11
\BOOKMARK [3][-]{subsubsection.1.4.1}{\376\377\000D\000i\000l\000a\000t\000i\000o\000n}{subsection.1.4}% 12
\BOOKMARK [3][-]{subsubsection.1.4.2}{\376\377\000S\000e\000l\000f\000-\000r\000e\000p\000l\000i\000c\000a\000t\000i\000n\000g\000\040\000d\000e\000g\000r\000e\000e\000s\000.}{subsection.1.4}% 13
\BOOKMARK [2][-]{subsection.1.5}{\376\377\000G\000r\000o\000u\000p\000\040\0005}{section.1}% 14
\BOOKMARK [3][-]{subsubsection.1.5.1}{\376\377\000D\000i\000l\000a\000t\000i\000o\000n}{subsection.1.5}% 15
\BOOKMARK [3][-]{subsubsection.1.5.2}{\376\377\000S\000e\000l\000f\000-\000r\000e\000p\000l\000i\000c\000a\000t\000i\000n\000g\000\040\000d\000e\000g\000r\000e\000e\000s\000.}{subsection.1.5}% 16
\BOOKMARK [2][-]{subsection.1.6}{\376\377\000G\000r\000o\000u\000p\000\040\0006}{section.1}% 17
\BOOKMARK [3][-]{subsubsection.1.6.1}{\376\377\000D\000i\000l\000a\000t\000i\000o\000n}{subsection.1.6}% 18
\BOOKMARK [3][-]{subsubsection.1.6.2}{\376\377\000S\000e\000l\000f\000-\000r\000e\000p\000l\000i\000c\000a\000t\000i\000n\000g\000\040\000d\000e\000g\000r\000e\000e\000s\000.}{subsection.1.6}% 19
\BOOKMARK [2][-]{subsection.1.7}{\376\377\000G\000r\000o\000u\000p\000\040\0007}{section.1}% 20
\BOOKMARK [3][-]{subsubsection.1.7.1}{\376\377\000D\000i\000l\000a\000t\000i\000o\000n}{subsection.1.7}% 21
\BOOKMARK [3][-]{subsubsection.1.7.2}{\376\377\000S\000e\000l\000f\000-\000r\000e\000p\000l\000i\000c\000a\000t\000i\000n\000g\000\040\000d\000e\000g\000r\000e\000e\000s\000.}{subsection.1.7}% 22
\BOOKMARK [2][-]{subsection.1.8}{\376\377\000G\000r\000o\000u\000p\000\040\0008}{section.1}% 23
\BOOKMARK [3][-]{subsubsection.1.8.1}{\376\377\000D\000i\000l\000a\000t\000i\000o\000n}{subsection.1.8}% 24
\BOOKMARK [3][-]{subsubsection.1.8.2}{\376\377\000S\000e\000l\000f\000-\000r\000e\000p\000l\000i\000c\000a\000t\000i\000n\000g\000\040\000d\000e\000g\000r\000e\000e\000s\000.}{subsection.1.8}% 25
\BOOKMARK [2][-]{subsection.1.9}{\376\377\000G\000r\000o\000u\000p\000\040\0009}{section.1}% 26
\BOOKMARK [3][-]{subsubsection.1.9.1}{\376\377\000D\000i\000l\000a\000t\000i\000o\000n}{subsection.1.9}% 27
\BOOKMARK [3][-]{subsubsection.1.9.2}{\376\377\000S\000e\000l\000f\000-\000r\000e\000p\000l\000i\000c\000a\000t\000i\000n\000g\000\040\000d\000e\000g\000r\000e\000e\000s\000.}{subsection.1.9}% 28
\BOOKMARK [2][-]{subsection.1.10}{\376\377\000G\000r\000o\000u\000p\000\040\0001\0000}{section.1}% 29
\BOOKMARK [3][-]{subsubsection.1.10.1}{\376\377\000D\000i\000l\000a\000t\000i\000o\000n}{subsection.1.10}% 30
\BOOKMARK [3][-]{subsubsection.1.10.2}{\376\377\000S\000e\000l\000f\000-\000r\000e\000p\000l\000i\000c\000a\000t\000i\000n\000g\000\040\000d\000e\000g\000r\000e\000e\000s\000.}{subsection.1.10}% 31
\BOOKMARK [2][-]{subsection.1.11}{\376\377\000G\000r\000o\000u\000p\000\040\0001\0001}{section.1}% 32
\BOOKMARK [3][-]{subsubsection.1.11.1}{\376\377\000D\000i\000l\000a\000t\000i\000o\000n}{subsection.1.11}% 33
\BOOKMARK [3][-]{subsubsection.1.11.2}{\376\377\000S\000e\000l\000f\000-\000r\000e\000p\000l\000i\000c\000a\000t\000i\000n\000g\000\040\000d\000e\000g\000r\000e\000e\000s\000.}{subsection.1.11}% 34
\BOOKMARK [2][-]{subsection.1.12}{\376\377\000G\000r\000o\000u\000p\000\040\0001\0002}{section.1}% 35
\BOOKMARK [3][-]{subsubsection.1.12.1}{\376\377\000D\000i\000l\000a\000t\000i\000o\000n}{subsection.1.12}% 36
\BOOKMARK [3][-]{subsubsection.1.12.2}{\376\377\000S\000e\000l\000f\000-\000r\000e\000p\000l\000i\000c\000a\000t\000i\000n\000g\000\040\000d\000e\000g\000r\000e\000e\000s\000.}{subsection.1.12}% 37
\BOOKMARK [2][-]{subsection.1.13}{\376\377\000G\000r\000o\000u\000p\000\040\0001\0003}{section.1}% 38
\BOOKMARK [3][-]{subsubsection.1.13.1}{\376\377\000D\000i\000l\000a\000t\000i\000o\000n}{subsection.1.13}% 39
\BOOKMARK [3][-]{subsubsection.1.13.2}{\376\377\000S\000e\000l\000f\000-\000r\000e\000p\000l\000i\000c\000a\000t\000i\000n\000g\000\040\000d\000e\000g\000r\000e\000e\000s\000.}{subsection.1.13}% 40
\BOOKMARK [2][-]{subsection.1.14}{\376\377\000G\000r\000o\000u\000p\000\040\0001\0004}{section.1}% 41
\BOOKMARK [3][-]{subsubsection.1.14.1}{\376\377\000D\000i\000l\000a\000t\000i\000o\000n}{subsection.1.14}% 42
\BOOKMARK [3][-]{subsubsection.1.14.2}{\376\377\000S\000e\000l\000f\000-\000r\000e\000p\000l\000i\000c\000a\000t\000i\000n\000g\000\040\000d\000e\000g\000r\000e\000e\000s\000.}{subsection.1.14}% 43
\BOOKMARK [2][-]{subsection.1.15}{\376\377\000G\000r\000o\000u\000p\000\040\0001\0005}{section.1}% 44
\BOOKMARK [3][-]{subsubsection.1.15.1}{\376\377\000D\000i\000l\000a\000t\000i\000o\000n}{subsection.1.15}% 45
\BOOKMARK [3][-]{subsubsection.1.15.2}{\376\377\000S\000e\000l\000f\000-\000r\000e\000p\000l\000i\000c\000a\000t\000i\000n\000g\000\040\000d\000e\000g\000r\000e\000e\000s\000.}{subsection.1.15}% 46
\BOOKMARK [2][-]{subsection.1.16}{\376\377\000G\000r\000o\000u\000p\000\040\0001\0006}{section.1}% 47
\BOOKMARK [3][-]{subsubsection.1.16.1}{\376\377\000D\000i\000l\000a\000t\000i\000o\000n}{subsection.1.16}% 48
\BOOKMARK [3][-]{subsubsection.1.16.2}{\376\377\000S\000e\000l\000f\000-\000r\000e\000p\000l\000i\000c\000a\000t\000i\000n\000g\000\040\000d\000e\000g\000r\000e\000e\000s\000.}{subsection.1.16}% 49
\BOOKMARK [2][-]{subsection.1.17}{\376\377\000G\000r\000o\000u\000p\000\040\0001\0007}{section.1}% 50
\BOOKMARK [3][-]{subsubsection.1.17.1}{\376\377\000D\000i\000l\000a\000t\000i\000o\000n}{subsection.1.17}% 51
\BOOKMARK [3][-]{subsubsection.1.17.2}{\376\377\000S\000e\000l\000f\000-\000r\000e\000p\000l\000i\000c\000a\000t\000i\000n\000g\000\040\000d\000e\000g\000r\000e\000e\000s\000.}{subsection.1.17}% 52
